[2018-01-22 15:29:18,317] 1 -- INFO  -- loginfo [WriteLog] -- 加载DLL失败(126)
[2018-01-22 15:29:18,338] 1 -- INFO  -- loginfo [WriteLog] -- 初始化程序成功
[2018-01-22 15:29:35,647] 6 -- INFO  -- loginfo [WriteLog] -- 开始更新gdut-drcom.dll,当前心跳包版本(0.0.0)
[2018-01-22 15:29:37,527] 6 -- INFO  -- loginfo [WriteLog] -- [gdut-drcom.dll]正在从Github检测更新
[2018-01-22 15:29:37,531] 6 -- INFO  -- loginfo [WriteLog] -- 远端版本:1.6.8
[2018-01-22 15:29:41,844] 6 -- INFO  -- loginfo [WriteLog] -- 下载成功(gdut-drcom.dll)
[2018-01-22 15:29:41,847] 6 -- INFO  -- loginfo [WriteLog] -- 更新DLL成功
[2018-01-22 15:39:19,615] 9 -- INFO  -- loginfo [WriteLog] -- [Drcom-Dialer.exe]正在从Github检测更新
[2018-01-22 15:39:19,669] 9 -- INFO  -- loginfo [WriteLog] -- 远端版本:1.0.2.131
[2018-01-22 15:39:19,670] 9 -- INFO  -- loginfo [WriteLog] -- 无需更新
[2018-01-22 19:07:45,322] 1 -- INFO  -- loginfo [WriteLog] -- 初始化程序成功
[2018-01-22 19:07:47,820] 6 -- INFO  -- loginfo [WriteLog] -- 开始更新gdut-drcom.dll,当前心跳包版本(1.6.8)
[2018-01-22 19:07:48,035] 6 -- INFO  -- loginfo [WriteLog] -- [gdut-drcom.dll]正在从Github检测更新
[2018-01-22 19:07:48,036] 6 -- INFO  -- loginfo [WriteLog] -- Github源获取失败
[2018-01-22 19:07:48,596] 6 -- INFO  -- loginfo [WriteLog] -- [gdut-drcom.dll]正在从bigkeer检测更新
[2018-01-22 19:07:48,600] 6 -- INFO  -- loginfo [WriteLog] -- 远端版本:1.6.8
[2018-01-22 19:07:48,601] 6 -- INFO  -- loginfo [WriteLog] -- 无需更新
[2018-01-22 19:07:48,601] 6 -- INFO  -- loginfo [WriteLog] -- 更新DLL成功
[2018-01-22 19:17:48,997] 4 -- INFO  -- loginfo [WriteLog] -- [Drcom-Dialer.exe]正在从Github检测更新
[2018-01-22 19:17:49,001] 4 -- INFO  -- loginfo [WriteLog] -- 远端版本:1.0.2.131
[2018-01-22 19:17:49,002] 4 -- INFO  -- loginfo [WriteLog] -- 无需更新
[2018-01-22 22:09:15,353] 1 -- INFO  -- loginfo [WriteLog] -- 初始化程序成功
[2018-01-22 22:09:22,674] 6 -- ERROR -- logerror [WriteLog] -- 未将对象引用设置到对象的实例。
System.NullReferenceException: 未将对象引用设置到对象的实例。
   在 Drcom_Dialer.Model.PPPoE.Dial(String username, String password, String connectName)
[2018-01-22 22:09:22,678] 6 -- INFO  -- loginfo [WriteLog] -- OnPPPoEFail
[2018-01-22 22:17:22,327] 4 -- INFO  -- loginfo [WriteLog] -- 开始更新gdut-drcom.dll,当前心跳包版本(1.6.8)
[2018-01-22 22:17:24,103] 4 -- INFO  -- loginfo [WriteLog] -- [gdut-drcom.dll]正在从Github检测更新
[2018-01-22 22:17:24,109] 4 -- INFO  -- loginfo [WriteLog] -- 远端版本:1.6.8
[2018-01-22 22:17:24,109] 4 -- INFO  -- loginfo [WriteLog] -- 无需更新
[2018-01-22 22:17:24,110] 4 -- INFO  -- loginfo [WriteLog] -- 更新DLL成功
[2018-01-22 22:19:16,081] 10 -- INFO  -- loginfo [WriteLog] -- [Drcom-Dialer.exe]正在从Github检测更新
[2018-01-22 22:19:16,083] 10 -- INFO  -- loginfo [WriteLog] -- 远端版本:1.0.2.131
[2018-01-22 22:19:16,083] 10 -- INFO  -- loginfo [WriteLog] -- 无需更新
[2018-01-23 09:00:09,436] 1 -- INFO  -- loginfo [WriteLog] -- 初始化程序成功
[2018-01-23 09:00:14,574] 6 -- INFO  -- loginfo [WriteLog] -- 开始更新gdut-drcom.dll,当前心跳包版本(1.6.8)
[2018-01-23 09:00:16,882] 6 -- INFO  -- loginfo [WriteLog] -- [gdut-drcom.dll]正在从Github检测更新
[2018-01-23 09:00:16,927] 6 -- INFO  -- loginfo [WriteLog] -- 远端版本:1.6.8
[2018-01-23 09:00:16,928] 6 -- INFO  -- loginfo [WriteLog] -- 无需更新
[2018-01-23 09:00:16,928] 6 -- INFO  -- loginfo [WriteLog] -- 更新DLL成功
[2018-01-23 09:10:11,218] 4 -- INFO  -- loginfo [WriteLog] -- [Drcom-Dialer.exe]正在从Github检测更新
[2018-01-23 09:10:11,220] 4 -- INFO  -- loginfo [WriteLog] -- 远端版本:1.0.2.131
[2018-01-23 09:10:11,220] 4 -- INFO  -- loginfo [WriteLog] -- 无需更新
[2018-01-23 15:47:10,981] 1 -- ERROR -- logerror [WriteLog] -- 'entry' must have the PhoneNumber, DeviceType, DeviceName, FramingProtocol, and EntryType properties set as a minimum.
参数名: entry
System.ArgumentException: 'entry' must have the PhoneNumber, DeviceType, DeviceName, FramingProtocol, and EntryType properties set as a minimum.
参数名: entry
   在 DotRas.Internal.ThrowHelper.ThrowArgumentException(String argumentName, String resource)
   在 DotRas.Internal.RasHelper.SetEntryProperties(RasPhoneBook phoneBook, RasEntry value)
   在 DotRas.RasEntry.Update()
   在 Drcom_Dialer.Model.PPPoE.Init(String connectName)
[2018-01-23 15:47:11,199] 1 -- INFO  -- loginfo [WriteLog] -- 初始化程序成功
[2018-01-23 15:47:39,247] 6 -- INFO  -- loginfo [WriteLog] -- 开始更新gdut-drcom.dll,当前心跳包版本(1.6.8)
[2018-01-23 15:47:41,958] 6 -- INFO  -- loginfo [WriteLog] -- [gdut-drcom.dll]正在从Github检测更新
[2018-01-23 15:47:42,137] 6 -- INFO  -- loginfo [WriteLog] -- 远端版本:1.6.8
[2018-01-23 15:47:42,139] 6 -- INFO  -- loginfo [WriteLog] -- 无需更新
[2018-01-23 15:47:42,140] 6 -- INFO  -- loginfo [WriteLog] -- 更新DLL成功
[2018-01-23 15:57:13,470] 8 -- INFO  -- loginfo [WriteLog] -- [Drcom-Dialer.exe]正在从Github检测更新
[2018-01-23 15:57:13,474] 8 -- INFO  -- loginfo [WriteLog] -- 远端版本:1.0.2.131
[2018-01-23 15:57:13,475] 8 -- INFO  -- loginfo [WriteLog] -- 无需更新
